2020-08-31 21:42:16.939  INFO 90320 --- [main] tripmaster.gps.Application               : Starting Application on PO712517 with PID 90320 (C:\Users\S609998\PROJETS\gps\bin\main started by S609998 in C:\Users\S609998\PROJETS\gps)
2020-08-31 21:42:16.944  INFO 90320 --- [main] tripmaster.gps.Application               : No active profile set, falling back to default profiles: default
2020-08-31 21:42:19.397  INFO 90320 --- [main] o.s.b.w.embedded.tomcat.TomcatWebServer  : Tomcat initialized with port(s): 8080 (http)
2020-08-31 21:42:19.441  INFO 90320 --- [main] o.apache.catalina.core.StandardService   : Starting service [Tomcat]
2020-08-31 21:42:19.442  INFO 90320 --- [main] org.apache.catalina.core.StandardEngine  : Starting Servlet engine: [Apache Tomcat/9.0.37]
2020-08-31 21:42:19.597  INFO 90320 --- [main] o.a.c.c.C.[Tomcat].[localhost].[/]       : Initializing Spring embedded WebApplicationContext
2020-08-31 21:42:19.598  INFO 90320 --- [main] o.s.web.context.ContextLoader            : Root WebApplicationContext: initialization completed in 2596 ms
2020-08-31 21:42:20.342  INFO 90320 --- [main] o.s.s.concurrent.ThreadPoolTaskExecutor  : Initializing ExecutorService 'applicationTaskExecutor'
2020-08-31 21:42:20.699  INFO 90320 --- [main] o.s.b.a.e.web.EndpointLinksResolver      : Exposing 2 endpoint(s) beneath base path '/actuator'
2020-08-31 21:42:20.805  INFO 90320 --- [main] o.s.b.w.embedded.tomcat.TomcatWebServer  : Tomcat started on port(s): 8080 (http) with context path ''
2020-08-31 21:42:20.810  INFO 90320 --- [main] tripmaster.gps.Application               : Started Application in 4.438 seconds (JVM running for 5.339)
2020-08-31 21:44:55.528  INFO 101324 --- [main] tripmaster.gps.Application               : Starting Application on PO712517 with PID 101324 (C:\Users\S609998\PROJETS\gps\bin\main started by S609998 in C:\Users\S609998\PROJETS\gps)
2020-08-31 21:44:55.532  INFO 101324 --- [main] tripmaster.gps.Application               : No active profile set, falling back to default profiles: default
2020-08-31 21:44:58.009  INFO 101324 --- [main] o.s.b.w.embedded.tomcat.TomcatWebServer  : Tomcat initialized with port(s): 8081 (http)
2020-08-31 21:44:58.053  INFO 101324 --- [main] o.apache.catalina.core.StandardService   : Starting service [Tomcat]
2020-08-31 21:44:58.053  INFO 101324 --- [main] org.apache.catalina.core.StandardEngine  : Starting Servlet engine: [Apache Tomcat/9.0.37]
2020-08-31 21:44:58.240  INFO 101324 --- [main] o.a.c.c.C.[Tomcat].[localhost].[/]       : Initializing Spring embedded WebApplicationContext
2020-08-31 21:44:58.240  INFO 101324 --- [main] o.s.web.context.ContextLoader            : Root WebApplicationContext: initialization completed in 2650 ms
2020-08-31 21:44:58.889  INFO 101324 --- [main] o.s.s.concurrent.ThreadPoolTaskExecutor  : Initializing ExecutorService 'applicationTaskExecutor'
2020-08-31 21:44:59.336  INFO 101324 --- [main] o.s.b.a.e.web.EndpointLinksResolver      : Exposing 2 endpoint(s) beneath base path '/actuator'
2020-08-31 21:44:59.437  INFO 101324 --- [main] o.s.b.w.embedded.tomcat.TomcatWebServer  : Tomcat started on port(s): 8081 (http) with context path ''
2020-08-31 21:44:59.442  INFO 101324 --- [main] tripmaster.gps.Application               : Started Application in 4.476 seconds (JVM running for 5.341)
2020-08-31 21:53:48.809  INFO 102572 --- [main] tripmaster.gps.GpsServiceTest            : Starting GpsServiceTest on PO712517 with PID 102572 (started by S609998 in C:\Users\S609998\PROJETS\gps)
2020-08-31 21:53:48.811  INFO 102572 --- [main] tripmaster.gps.GpsServiceTest            : No active profile set, falling back to default profiles: default
2020-08-31 21:53:51.774  INFO 102572 --- [main] o.s.s.concurrent.ThreadPoolTaskExecutor  : Initializing ExecutorService 'applicationTaskExecutor'
2020-08-31 21:53:52.789  INFO 102572 --- [main] o.s.b.a.e.web.EndpointLinksResolver      : Exposing 2 endpoint(s) beneath base path '/actuator'
2020-08-31 21:53:52.888  INFO 102572 --- [main] tripmaster.gps.GpsServiceTest            : Started GpsServiceTest in 4.463 seconds (JVM running for 6.048)
2020-08-31 21:53:52.976  INFO 102572 --- [Thread-2] o.s.s.concurrent.ThreadPoolTaskExecutor  : Shutting down ExecutorService 'applicationTaskExecutor'
2020-08-31 21:57:41.549  INFO 101324 --- [http-nio-8081-exec-2] o.a.c.c.C.[Tomcat].[localhost].[/]       : Initializing Spring DispatcherServlet 'dispatcherServlet'
2020-08-31 21:57:41.550  INFO 101324 --- [http-nio-8081-exec-2] o.s.web.servlet.DispatcherServlet        : Initializing Servlet 'dispatcherServlet'
2020-08-31 21:57:41.563  INFO 101324 --- [http-nio-8081-exec-2] o.s.web.servlet.DispatcherServlet        : Completed initialization in 13 ms
